2024-11-22 10:30:12,658 horoscope.py:26	 INFO: sign : Virgo, day : today, 
 predict : *Horoscope:* The day ahead should give you an opportunity to analyze the events of the past three weeks, Virgo. You will draw many important conclusions about your love life. You may conclude that matters have evolved little, if at all. This is discouraging, to be sure, but don't place too much trust in appearances. Remember, things aren't always as they seem.
*Sign:* Virgo
*Day:* Nov 21, 2024
2024-11-22 10:54:20,432 horoscope.py:26	 INFO: sign : Aries, day : 2024-11-22, 
 predict : *Horoscope:* Have you done the cleaning that the planetary configurations asked you to do in recent weeks, Aries? If this is the case, today you should start to feel less weighed down by the conventions in your life. You've undoubtedly solved some of the problems in your relationships. You will feel as if you're in a kind of renaissance through the next cycle.
*Sign:* Aries
*Day:* Nov 21, 2024
2024-11-22 10:57:08,867 horoscope.py:26	 INFO: sign : Aries, day : TODAY, 
 predict : *Horoscope:* Have you done the cleaning that the planetary configurations asked you to do in recent weeks, Aries? If this is the case, today you should start to feel less weighed down by the conventions in your life. You've undoubtedly solved some of the problems in your relationships. You will feel as if you're in a kind of renaissance through the next cycle.
*Sign:* Aries
*Day:* Nov 21, 2024
2024-11-22 10:57:33,733 horoscope.py:27	 INFO: sign : Aries, day : today, 
 predict : *Horoscope:* Have you done the cleaning that the planetary configurations asked you to do in recent weeks, Aries? If this is the case, today you should start to feel less weighed down by the conventions in your life. You've undoubtedly solved some of the problems in your relationships. You will feel as if you're in a kind of renaissance through the next cycle.
*Sign:* Aries
*Day:* Nov 21, 2024
2024-11-22 10:57:59,761 horoscope.py:27	 INFO: sign : Aries, day : 2024-11-22, 
 predict : *Horoscope:* Have you done the cleaning that the planetary configurations asked you to do in recent weeks, Aries? If this is the case, today you should start to feel less weighed down by the conventions in your life. You've undoubtedly solved some of the problems in your relationships. You will feel as if you're in a kind of renaissance through the next cycle.
*Sign:* Aries
*Day:* Nov 21, 2024
